0    [AWT-EventQueue-0] INFO  ca.sqlpower.architect.ArchitectUtils  - Log4J configured successfully
699  [AWT-EventQueue-0] INFO  ca.sqlpower.sql.PlDotIni  - Beginning to read/merge new pl.ini data
929  [AWT-EventQueue-0] INFO  ca.sqlpower.sql.PlDotIni  - Finished reading file.
930  [AWT-EventQueue-0] INFO  ca.sqlpower.sql.PlDotIni  - Beginning to read/merge new pl.ini data
1017 [AWT-EventQueue-0] INFO  ca.sqlpower.sql.PlDotIni  - Finished reading file.
5956 [Thread-5] ERROR ca.sqlpower.architect.swingui.action.CheckForUpdateAction  - Fail to retrieve current version number!
41702 [AWT-EventQueue-0] INFO  ca.sqlpower.architect.ddl.GenericDDLGenerator  - endStatement: 
CREATE TABLE EVENTO (
                ID_EVENTO BIGINT AUTO_INCREMENT NOT NULL,
                CATEGORIA VARCHAR(50) NOT NULL,
                TITULO VARCHAR(100) NOT NULL,
                TEXTO VARCHAR(8000) NOT NULL,
                IMAGEM VARCHAR(50),
                DATA_PUBLICACAO DATETIME DEFAULT CURRENT_TIMESTAMP NOT NULL,
                PRIMARY KEY (ID_EVENTO)
)
41724 [AWT-EventQueue-0] INFO  ca.sqlpower.architect.ddl.GenericDDLGenerator  - endStatement: 


CREATE UNIQUE INDEX evento_idx
 ON EVENTO
 ( TITULO )
41725 [AWT-EventQueue-0] INFO  ca.sqlpower.architect.ddl.GenericDDLGenerator  - endStatement: 

CREATE TABLE USUARIO (
                ID_USUARIO BIGINT AUTO_INCREMENT NOT NULL,
                CPF VARCHAR(11) NOT NULL,
                NOME VARCHAR(50) NOT NULL,
                SENHA VARCHAR(20) NOT NULL,
                PRIMARY KEY (ID_USUARIO)
)
41726 [AWT-EventQueue-0] INFO  ca.sqlpower.architect.ddl.GenericDDLGenerator  - endStatement: 


CREATE UNIQUE INDEX usuario_idx
 ON USUARIO
 ( CPF )
41729 [AWT-EventQueue-0] INFO  ca.sqlpower.architect.swingui.SQLScriptDialog  - The list size is :4
